0 verbose cli C:\Program Files\nodejs\node.exe C:\Users\Admin\AppData\Roaming\npm\node_modules\npm\bin\npm-cli.js
1 info using npm@11.6.1
2 info using node@v22.15.0
3 silly config load:file:C:\Users\Admin\AppData\Roaming\npm\node_modules\npm\npmrc
4 silly config load:file:D:\Kondal\.npmrc
5 silly config load:file:C:\Users\Admin\.npmrc
6 silly config load:file:C:\Users\Admin\AppData\Roaming\npm\etc\npmrc
7 verbose title npm install firebase@10.14.0
8 verbose argv "install" "firebase@10.14.0" "--cache" "./.npm-cache"
9 verbose logfile logs-max:10 dir:D:\Kondal\.npm-cache\_logs\2026-03-13T08_57_42_405Z-
10 verbose logfile D:\Kondal\.npm-cache\_logs\2026-03-13T08_57_42_405Z-debug-0.log
11 silly logfile done cleaning log files
12 silly packumentCache heap:4345298944 maxSize:1086324736 maxEntrySize:543162368
13 silly idealTree buildDeps
14 silly fetch manifest firebase@10.14.0
15 silly packumentCache full:https://registry.npmjs.org/firebase cache-miss
16 http fetch GET 200 https://registry.npmjs.org/npm 941ms
17 http fetch GET 200 https://registry.npmjs.org/firebase 2261ms (cache miss)
18 silly packumentCache full:https://registry.npmjs.org/firebase set size:undefined disposed:false
19 silly placeDep ROOT firebase@10.14.0 REPLACE for: admission-consultancy-saas@0.1.0 want: 10.14.0
20 silly fetch manifest @firebase/app@0.10.12
21 silly packumentCache full:https://registry.npmjs.org/@firebase%2fapp cache-miss
22 silly fetch manifest @firebase/auth@1.7.9
23 silly packumentCache full:https://registry.npmjs.org/@firebase%2fauth cache-miss
24 silly fetch manifest @firebase/util@1.10.0
25 silly packumentCache full:https://registry.npmjs.org/@firebase%2futil cache-miss
26 silly fetch manifest @firebase/storage@0.13.2
27 silly packumentCache full:https://registry.npmjs.org/@firebase%2fstorage cache-miss
28 silly fetch manifest @firebase/database@1.0.8
29 silly packumentCache full:https://registry.npmjs.org/@firebase%2fdatabase cache-miss
30 silly fetch manifest @firebase/analytics@0.10.8
31 silly packumentCache full:https://registry.npmjs.org/@firebase%2fanalytics cache-miss
32 silly fetch manifest @firebase/app-check@0.8.8
33 silly packumentCache full:https://registry.npmjs.org/@firebase%2fapp-check cache-miss
34 http fetch GET 200 https://registry.npmjs.org/@firebase%2fapp 1158ms (cache miss)
35 silly packumentCache full:https://registry.npmjs.org/@firebase%2fapp set size:undefined disposed:false
36 silly fetch manifest @firebase/app-types@0.9.2
37 silly packumentCache full:https://registry.npmjs.org/@firebase%2fapp-types cache-miss
38 http fetch GET 200 https://registry.npmjs.org/@firebase%2fauth 2189ms (cache miss)
39 silly packumentCache full:https://registry.npmjs.org/@firebase%2fauth set size:undefined disposed:false
40 silly fetch manifest @firebase/firestore@4.7.3
41 silly packumentCache full:https://registry.npmjs.org/@firebase%2ffirestore cache-miss
42 http fetch GET 200 https://registry.npmjs.org/@firebase%2fapp-check 3044ms (cache miss)
43 silly packumentCache full:https://registry.npmjs.org/@firebase%2fapp-check set size:undefined disposed:false
44 silly fetch manifest @firebase/functions@0.11.8
45 silly packumentCache full:https://registry.npmjs.org/@firebase%2ffunctions cache-miss
46 http fetch GET 200 https://registry.npmjs.org/@firebase%2fapp-types 1671ms (cache miss)
47 silly packumentCache full:https://registry.npmjs.org/@firebase%2fapp-types set size:undefined disposed:false
48 silly fetch manifest @firebase/messaging@0.12.11
49 silly packumentCache full:https://registry.npmjs.org/@firebase%2fmessaging cache-miss
50 http fetch GET 200 https://registry.npmjs.org/@firebase%2ffirestore 2106ms (cache miss)
51 silly packumentCache full:https://registry.npmjs.org/@firebase%2ffirestore set size:undefined disposed:false
52 silly fetch manifest @firebase/app-compat@0.2.42
53 silly packumentCache full:https://registry.npmjs.org/@firebase%2fapp-compat cache-miss
54 http fetch GET 200 https://registry.npmjs.org/@firebase%2fstorage 5341ms (cache miss)
55 silly packumentCache full:https://registry.npmjs.org/@firebase%2fstorage set size:undefined disposed:false
56 silly fetch manifest @firebase/auth-compat@0.5.14
57 silly packumentCache full:https://registry.npmjs.org/@firebase%2fauth-compat cache-miss
58 http fetch GET 200 https://registry.npmjs.org/@firebase%2fanalytics 5580ms (cache miss)
59 silly packumentCache full:https://registry.npmjs.org/@firebase%2fanalytics set size:undefined disposed:false
60 silly fetch manifest @firebase/performance@0.6.9
61 silly packumentCache full:https://registry.npmjs.org/@firebase%2fperformance cache-miss
62 http fetch GET 200 https://registry.npmjs.org/@firebase%2ffunctions 2747ms (cache miss)
63 silly packumentCache full:https://registry.npmjs.org/@firebase%2ffunctions set size:undefined disposed:false
64 silly fetch manifest @firebase/data-connect@0.1.0
65 silly packumentCache full:https://registry.npmjs.org/@firebase%2fdata-connect cache-miss
66 http fetch GET 200 https://registry.npmjs.org/@firebase%2fdata-connect 296ms (cache miss)
67 silly packumentCache full:https://registry.npmjs.org/@firebase%2fdata-connect set size:undefined disposed:false
68 silly fetch manifest @firebase/installations@0.6.9
69 silly packumentCache full:https://registry.npmjs.org/@firebase%2finstallations cache-miss
70 http fetch GET 200 https://registry.npmjs.org/@firebase%2fapp-compat 1430ms (cache miss)
71 silly packumentCache full:https://registry.npmjs.org/@firebase%2fapp-compat set size:undefined disposed:false
72 silly fetch manifest @firebase/remote-config@0.4.9
73 silly packumentCache full:https://registry.npmjs.org/@firebase%2fremote-config cache-miss
74 http fetch GET 200 https://registry.npmjs.org/@firebase%2futil 6706ms (cache miss)
75 silly packumentCache full:https://registry.npmjs.org/@firebase%2futil set size:undefined disposed:false
76 silly fetch manifest @firebase/storage-compat@0.3.12
77 silly packumentCache full:https://registry.npmjs.org/@firebase%2fstorage-compat cache-miss
78 http fetch GET 200 https://registry.npmjs.org/@firebase%2fauth-compat 1532ms (cache miss)
79 silly packumentCache full:https://registry.npmjs.org/@firebase%2fauth-compat set size:undefined disposed:false
80 silly fetch manifest @firebase/database-compat@1.0.8
81 silly packumentCache full:https://registry.npmjs.org/@firebase%2fdatabase-compat cache-miss
82 http fetch GET 200 https://registry.npmjs.org/@firebase%2fdatabase 7480ms (cache miss)
83 silly packumentCache full:https://registry.npmjs.org/@firebase%2fdatabase set size:undefined disposed:false
84 silly fetch manifest @firebase/analytics-compat@0.2.14
85 silly packumentCache full:https://registry.npmjs.org/@firebase%2fanalytics-compat cache-miss
86 http fetch GET 200 https://registry.npmjs.org/@firebase%2finstallations 1816ms (cache miss)
87 silly packumentCache full:https://registry.npmjs.org/@firebase%2finstallations set size:undefined disposed:false
88 silly fetch manifest @firebase/app-check-compat@0.3.15
89 silly packumentCache full:https://registry.npmjs.org/@firebase%2fapp-check-compat cache-miss
90 http fetch GET 200 https://registry.npmjs.org/@firebase%2fremote-config 2112ms (cache miss)
91 silly packumentCache full:https://registry.npmjs.org/@firebase%2fremote-config set size:undefined disposed:false
92 silly fetch manifest @firebase/firestore-compat@0.3.38
93 silly packumentCache full:https://registry.npmjs.org/@firebase%2ffirestore-compat cache-miss
94 http fetch GET 200 https://registry.npmjs.org/@firebase%2fmessaging 5602ms (cache miss)
95 silly packumentCache full:https://registry.npmjs.org/@firebase%2fmessaging set size:undefined disposed:false
96 silly fetch manifest @firebase/functions-compat@0.3.14
97 silly packumentCache full:https://registry.npmjs.org/@firebase%2ffunctions-compat cache-miss
98 http fetch GET 200 https://registry.npmjs.org/@firebase%2fperformance 3475ms (cache miss)
99 silly packumentCache full:https://registry.npmjs.org/@firebase%2fperformance set size:undefined disposed:false
100 silly fetch manifest @firebase/messaging-compat@0.2.11
101 silly packumentCache full:https://registry.npmjs.org/@firebase%2fmessaging-compat cache-miss
102 http fetch GET 200 https://registry.npmjs.org/@firebase%2fstorage-compat 3992ms (cache miss)
103 silly packumentCache full:https://registry.npmjs.org/@firebase%2fstorage-compat set size:undefined disposed:false
104 silly fetch manifest @firebase/vertexai-preview@0.0.4
105 silly packumentCache full:https://registry.npmjs.org/@firebase%2fvertexai-preview cache-miss
106 http fetch GET 200 https://registry.npmjs.org/@firebase%2fdatabase-compat 4073ms (cache miss)
107 silly packumentCache full:https://registry.npmjs.org/@firebase%2fdatabase-compat set size:undefined disposed:false
108 silly fetch manifest @firebase/performance-compat@0.2.9
109 silly packumentCache full:https://registry.npmjs.org/@firebase%2fperformance-compat cache-miss
110 http fetch GET 200 https://registry.npmjs.org/@firebase%2ffirestore-compat 2470ms (cache miss)
111 silly packumentCache full:https://registry.npmjs.org/@firebase%2ffirestore-compat set size:undefined disposed:false
112 silly fetch manifest @firebase/installations-compat@0.2.9
113 silly packumentCache full:https://registry.npmjs.org/@firebase%2finstallations-compat cache-miss
114 http fetch GET 200 https://registry.npmjs.org/@firebase%2fapp-check-compat 3639ms (cache miss)
115 silly packumentCache full:https://registry.npmjs.org/@firebase%2fapp-check-compat set size:undefined disposed:false
116 silly fetch manifest @firebase/remote-config-compat@0.2.9
117 silly packumentCache full:https://registry.npmjs.org/@firebase%2fremote-config-compat cache-miss
118 http fetch GET 200 https://registry.npmjs.org/@firebase%2fanalytics-compat 4557ms (cache miss)
119 silly packumentCache full:https://registry.npmjs.org/@firebase%2fanalytics-compat set size:undefined disposed:false
120 http fetch GET 200 https://registry.npmjs.org/@firebase%2fmessaging-compat 3474ms (cache miss)
121 silly packumentCache full:https://registry.npmjs.org/@firebase%2fmessaging-compat set size:undefined disposed:false
122 http fetch GET 200 https://registry.npmjs.org/@firebase%2ffunctions-compat 4315ms (cache miss)
123 silly packumentCache full:https://registry.npmjs.org/@firebase%2ffunctions-compat set size:undefined disposed:false
124 http fetch GET 200 https://registry.npmjs.org/@firebase%2finstallations-compat 2165ms (cache miss)
125 silly packumentCache full:https://registry.npmjs.org/@firebase%2finstallations-compat set size:undefined disposed:false
126 http fetch GET 200 https://registry.npmjs.org/@firebase%2fvertexai-preview 3138ms (cache miss)
127 silly packumentCache full:https://registry.npmjs.org/@firebase%2fvertexai-preview set size:undefined disposed:false
128 http fetch GET 200 https://registry.npmjs.org/@firebase%2fremote-config-compat 2032ms (cache miss)
129 silly packumentCache full:https://registry.npmjs.org/@firebase%2fremote-config-compat set size:undefined disposed:false
130 http fetch GET 200 https://registry.npmjs.org/@firebase%2fperformance-compat 3690ms (cache miss)
131 silly packumentCache full:https://registry.npmjs.org/@firebase%2fperformance-compat set size:undefined disposed:false
132 silly fetch manifest @react-native-async-storage/async-storage@^1.18.1
133 silly packumentCache full:https://registry.npmjs.org/@react-native-async-storage%2fasync-storage cache-miss
134 http fetch GET 200 https://registry.npmjs.org/@react-native-async-storage%2fasync-storage 1676ms (cache miss)
135 silly packumentCache full:https://registry.npmjs.org/@react-native-async-storage%2fasync-storage set size:undefined disposed:false
136 silly fetch manifest react-native@^0.0.0-0 || >=0.60 <1.0
137 silly packumentCache full:https://registry.npmjs.org/react-native cache-miss
138 http fetch GET 200 https://registry.npmjs.org/react-native 2856ms (cache miss)
139 silly packumentCache full:https://registry.npmjs.org/react-native set size:undefined disposed:false
140 silly fetch manifest @types/react@^19.1.1
141 silly packumentCache full:https://registry.npmjs.org/@types%2freact cache-miss
142 http fetch GET 200 https://registry.npmjs.org/@types%2freact 1497ms (cache miss)
143 silly packumentCache full:https://registry.npmjs.org/@types%2freact set size:undefined disposed:false
144 silly fetch manifest react@^19.2.3
145 silly packumentCache full:https://registry.npmjs.org/react cache-miss
